Build started 10/16/2020 4:24:53 PM.
     1>Project "D:\Speech Processing(CS-566)\VS2010Projects\204101059_yes_no\204101059_yes_no\204101059_yes_no.vcxproj" on node 2 (build target(s)).
     1>PrepareForBuild:
         Creating directory "D:\Speech Processing(CS-566)\VS2010Projects\204101059_yes_no\Debug\".
       InitializeBuildStatus:
         Creating "Debug\204101059_yes_no.unsuccessfulbuild" because "AlwaysCreate" was specified.
       ClCompile:
         C:\Program Files (x86)\Microsoft Visual Studio 10.0\VC\bin\CL.exe /c /ZI /nologo /W3 /WX- /Od /Oy- /D WIN32 /D _DEBUG /D _CONSOLE /D _UNICODE /D UNICODE /Gm /EHsc /RTC1 /MTd /GS /fp:precise /Zc:wchar_t /Zc:forScope /Yc"StdAfx.h" /Fp"Debug\204101059_yes_no.pch" /Fo"Debug\\" /Fd"Debug\vc100.pdb" /Gd /TP /analyze- /errorReport:prompt stdafx.cpp
         stdafx.cpp
         C:\Program Files (x86)\Microsoft Visual Studio 10.0\VC\bin\CL.exe /c /ZI /nologo /W3 /WX- /Od /Oy- /D WIN32 /D _DEBUG /D _CONSOLE /D _UNICODE /D UNICODE /Gm /EHsc /RTC1 /MTd /GS /fp:precise /Zc:wchar_t /Zc:forScope /Yu"StdAfx.h" /Fp"Debug\204101059_yes_no.pch" /Fo"Debug\\" /Fd"Debug\vc100.pdb" /Gd /TP /analyze- /errorReport:prompt 204101059_yes_no.cpp
         204101059_yes_no.cpp
     1>d:\speech processing(cs-566)\vs2010projects\204101059_yes_no\204101059_yes_no\204101059_yes_no.cpp(111): warning C4244: '=' : conversion from 'double' to '__int64', possible loss of data
     1>d:\speech processing(cs-566)\vs2010projects\204101059_yes_no\204101059_yes_no\204101059_yes_no.cpp(115): warning C4244: 'argument' : conversion from '__int64' to 'unsigned int', possible loss of data
     1>d:\speech processing(cs-566)\vs2010projects\204101059_yes_no\204101059_yes_no\204101059_yes_no.cpp(116): warning C4244: 'argument' : conversion from '__int64' to 'unsigned int', possible loss of data
     1>d:\speech processing(cs-566)\vs2010projects\204101059_yes_no\204101059_yes_no\204101059_yes_no.cpp(134): warning C4244: 'argument' : conversion from '__int64' to 'unsigned int', possible loss of data
       ManifestResourceCompile:
         C:\Program Files (x86)\Microsoft SDKs\Windows\v7.0A\bin\rc.exe /nologo /fo"Debug\204101059_yes_no.exe.embed.manifest.res" Debug\204101059_yes_no_manifest.rc 
       Link:
         C:\Program Files (x86)\Microsoft Visual Studio 10.0\VC\bin\link.exe /ERRORREPORT:PROMPT /OUT:"D:\Speech Processing(CS-566)\VS2010Projects\204101059_yes_no\Debug\204101059_yes_no.exe" /INCREMENTAL /NOLOGO kernel32.lib user32.lib gdi32.lib winspool.lib comdlg32.lib advapi32.lib shell32.lib ole32.lib oleaut32.lib uuid.lib odbc32.lib odbccp32.lib /MANIFEST /ManifestFile:"Debug\204101059_yes_no.exe.intermediate.manifest" /MANIFESTUAC:"level='asInvoker' uiAccess='false'" /DEBUG /PDB:"D:\Speech Processing(CS-566)\VS2010Projects\204101059_yes_no\Debug\204101059_yes_no.pdb" /SUBSYSTEM:CONSOLE /TLBID:1 /DYNAMICBASE /NXCOMPAT /IMPLIB:"D:\Speech Processing(CS-566)\VS2010Projects\204101059_yes_no\Debug\204101059_yes_no.lib" /MACHINE:X86 Debug\204101059_yes_no.exe.embed.manifest.res
         Debug\204101059_yes_no.obj
         Debug\stdafx.obj
       Manifest:
         C:\Program Files (x86)\Microsoft SDKs\Windows\v7.0A\bin\mt.exe /nologo /verbose /out:"Debug\204101059_yes_no.exe.embed.manifest" /manifest Debug\204101059_yes_no.exe.intermediate.manifest
         C:\Program Files (x86)\Microsoft SDKs\Windows\v7.0A\bin\rc.exe /nologo /fo"Debug\204101059_yes_no.exe.embed.manifest.res" Debug\204101059_yes_no_manifest.rc 
       LinkEmbedManifest:
         C:\Program Files (x86)\Microsoft Visual Studio 10.0\VC\bin\link.exe /ERRORREPORT:PROMPT /OUT:"D:\Speech Processing(CS-566)\VS2010Projects\204101059_yes_no\Debug\204101059_yes_no.exe" /INCREMENTAL /NOLOGO kernel32.lib user32.lib gdi32.lib winspool.lib comdlg32.lib advapi32.lib shell32.lib ole32.lib oleaut32.lib uuid.lib odbc32.lib odbccp32.lib /MANIFEST /ManifestFile:"Debug\204101059_yes_no.exe.intermediate.manifest" /MANIFESTUAC:"level='asInvoker' uiAccess='false'" /DEBUG /PDB:"D:\Speech Processing(CS-566)\VS2010Projects\204101059_yes_no\Debug\204101059_yes_no.pdb" /SUBSYSTEM:CONSOLE /TLBID:1 /DYNAMICBASE /NXCOMPAT /IMPLIB:"D:\Speech Processing(CS-566)\VS2010Projects\204101059_yes_no\Debug\204101059_yes_no.lib" /MACHINE:X86 Debug\204101059_yes_no.exe.embed.manifest.res
         Debug\204101059_yes_no.obj
         Debug\stdafx.obj
         204101059_yes_no.vcxproj -> D:\Speech Processing(CS-566)\VS2010Projects\204101059_yes_no\Debug\204101059_yes_no.exe
       FinalizeBuildStatus:
         Deleting file "Debug\204101059_yes_no.unsuccessfulbuild".
         Touching "Debug\204101059_yes_no.lastbuildstate".
     1>Done Building Project "D:\Speech Processing(CS-566)\VS2010Projects\204101059_yes_no\204101059_yes_no\204101059_yes_no.vcxproj" (build target(s)).

Build succeeded.

Time Elapsed 00:00:17.79
