Build started 11/4/2020 9:36:53 PM.
     1>Project "D:\Speech Processing(CS-566)\VS2010Projects\Vowel_Recognition\Vowel_Recognition\Vowel_Recognition.vcxproj" on node 2 (build target(s)).
     1>PrepareForBuild:
         Creating directory "D:\Speech Processing(CS-566)\VS2010Projects\Vowel_Recognition\Debug\".
       InitializeBuildStatus:
         Creating "Debug\Vowel_Recognition.unsuccessfulbuild" because "AlwaysCreate" was specified.
       ClCompile:
         C:\Program Files (x86)\Microsoft Visual Studio 10.0\VC\bin\CL.exe /c /ZI /nologo /W3 /WX- /Od /Oy- /D WIN32 /D _DEBUG /D _CONSOLE /D _UNICODE /D UNICODE /Gm /EHsc /RTC1 /MDd /GS /fp:precise /Zc:wchar_t /Zc:forScope /Yc"StdAfx.h" /Fp"Debug\Vowel_Recognition.pch" /Fo"Debug\\" /Fd"Debug\vc100.pdb" /Gd /TP /analyze- /errorReport:prompt stdafx.cpp
         stdafx.cpp
         C:\Program Files (x86)\Microsoft Visual Studio 10.0\VC\bin\CL.exe /c /ZI /nologo /W3 /WX- /Od /Oy- /D WIN32 /D _DEBUG /D _CONSOLE /D _UNICODE /D UNICODE /Gm /EHsc /RTC1 /MDd /GS /fp:precise /Zc:wchar_t /Zc:forScope /Yu"StdAfx.h" /Fp"Debug\Vowel_Recognition.pch" /Fo"Debug\\" /Fd"Debug\vc100.pdb" /Gd /TP /analyze- /errorReport:prompt Vowel_Recognition.cpp
         Vowel_Recognition.cpp
     1>d:\speech processing(cs-566)\vs2010projects\vowel_recognition\vowel_recognition\vowel_recognition.cpp(227): warning C4244: 'initializing' : conversion from 'long double' to 'int', possible loss of data
       ManifestResourceCompile:
         C:\Program Files (x86)\Microsoft SDKs\Windows\v7.0A\bin\rc.exe /nologo /fo"Debug\Vowel_Recognition.exe.embed.manifest.res" Debug\Vowel_Recognition_manifest.rc 
       Link:
         C:\Program Files (x86)\Microsoft Visual Studio 10.0\VC\bin\link.exe /ERRORREPORT:PROMPT /OUT:"D:\Speech Processing(CS-566)\VS2010Projects\Vowel_Recognition\Debug\Vowel_Recognition.exe" /INCREMENTAL /NOLOGO kernel32.lib user32.lib gdi32.lib winspool.lib comdlg32.lib advapi32.lib shell32.lib ole32.lib oleaut32.lib uuid.lib odbc32.lib odbccp32.lib /MANIFEST /ManifestFile:"Debug\Vowel_Recognition.exe.intermediate.manifest" /MANIFESTUAC:"level='asInvoker' uiAccess='false'" /DEBUG /PDB:"D:\Speech Processing(CS-566)\VS2010Projects\Vowel_Recognition\Debug\Vowel_Recognition.pdb" /SUBSYSTEM:CONSOLE /TLBID:1 /DYNAMICBASE /NXCOMPAT /IMPLIB:"D:\Speech Processing(CS-566)\VS2010Projects\Vowel_Recognition\Debug\Vowel_Recognition.lib" /MACHINE:X86 Debug\Vowel_Recognition.exe.embed.manifest.res
         Debug\stdafx.obj
         Debug\Vowel_Recognition.obj
       Manifest:
         C:\Program Files (x86)\Microsoft SDKs\Windows\v7.0A\bin\mt.exe /nologo /verbose /out:"Debug\Vowel_Recognition.exe.embed.manifest" /manifest Debug\Vowel_Recognition.exe.intermediate.manifest
         C:\Program Files (x86)\Microsoft SDKs\Windows\v7.0A\bin\rc.exe /nologo /fo"Debug\Vowel_Recognition.exe.embed.manifest.res" Debug\Vowel_Recognition_manifest.rc 
       LinkEmbedManifest:
         C:\Program Files (x86)\Microsoft Visual Studio 10.0\VC\bin\link.exe /ERRORREPORT:PROMPT /OUT:"D:\Speech Processing(CS-566)\VS2010Projects\Vowel_Recognition\Debug\Vowel_Recognition.exe" /INCREMENTAL /NOLOGO kernel32.lib user32.lib gdi32.lib winspool.lib comdlg32.lib advapi32.lib shell32.lib ole32.lib oleaut32.lib uuid.lib odbc32.lib odbccp32.lib /MANIFEST /ManifestFile:"Debug\Vowel_Recognition.exe.intermediate.manifest" /MANIFESTUAC:"level='asInvoker' uiAccess='false'" /DEBUG /PDB:"D:\Speech Processing(CS-566)\VS2010Projects\Vowel_Recognition\Debug\Vowel_Recognition.pdb" /SUBSYSTEM:CONSOLE /TLBID:1 /DYNAMICBASE /NXCOMPAT /IMPLIB:"D:\Speech Processing(CS-566)\VS2010Projects\Vowel_Recognition\Debug\Vowel_Recognition.lib" /MACHINE:X86 Debug\Vowel_Recognition.exe.embed.manifest.res
         Debug\stdafx.obj
         Debug\Vowel_Recognition.obj
         Vowel_Recognition.vcxproj -> D:\Speech Processing(CS-566)\VS2010Projects\Vowel_Recognition\Debug\Vowel_Recognition.exe
       FinalizeBuildStatus:
         Deleting file "Debug\Vowel_Recognition.unsuccessfulbuild".
         Touching "Debug\Vowel_Recognition.lastbuildstate".
     1>Done Building Project "D:\Speech Processing(CS-566)\VS2010Projects\Vowel_Recognition\Vowel_Recognition\Vowel_Recognition.vcxproj" (build target(s)).

Build succeeded.

Time Elapsed 00:00:03.46
